<?xml version="1.0" encoding="UTF-8"?>
<testsuite name="Cucumber" time="281.478" tests="19" skipped="0" failures="3" errors="0">
<testcase classname="F07_followUs | users could open links in follow us" name="user open facebook" time="22.585">
<system-out><![CDATA[
When user click on facebook.................................................passed
Then user navigate to facebook page.........................................passed
]]></system-out>
</testcase>
<testcase classname="F07_followUs | users could open links in follow us" name="user opens twitter link" time="13.459">
<system-out><![CDATA[
When user click on twitter icon.............................................passed
Then user navigate to twitter page..........................................passed
]]></system-out>
</testcase>
<testcase classname="F07_followUs | users could open links in follow us" name="user opens rss link" time="11.314">
<failure type="java.lang.AssertionError" message="The following asserts failed:
	expected [ https://demo.nopcommerce.com/new-online-store-is-open] but found [https://demo.nopcommerce.com/news/rss/1]">
<![CDATA[java.lang.AssertionError: The following asserts failed:
	expected [ https://demo.nopcommerce.com/new-online-store-is-open] but found [https://demo.nopcommerce.com/news/rss/1]
	at org.testng.asserts.SoftAssert.assertAll(SoftAssert.java:46)
	at org.testng.asserts.SoftAssert.assertAll(SoftAssert.java:30)
	at org.example.stepDefs.D07_followUsStepDef.userNavigateToRss(D07_followUsStepDef.java:95)
	at ✽.user navigate to rss(file:///F:/Ecomerce_Automation_Test/src/main/resources/features/%20F07_followUs.feature:13)
]]>
</failure>
<system-out><![CDATA[
When user click on rss icon.................................................passed
Then user navigate to rss...................................................failed
]]></system-out>
</testcase>
<testcase classname="F07_followUs | users could open links in follow us" name="user opens youtube link" time="21.837">
<system-out><![CDATA[
When user click on youtube icon.............................................passed
Then user navigate to youtube page..........................................passed
]]></system-out>
</testcase>
<testcase classname="F01_Register | users could register with new accounts" name="guest user could register with valid data successfully" time="15.4">
<system-out><![CDATA[
Given user go to register page..............................................passed
When user select gender type................................................passed
And user enter first name "automation" and last name "tester"...............passed
And user enter date of birth  Step..........................................passed
And user enter email "a.aboelfadel1@gmail.com" field........................passed
And user fills Password fields "P@ssw0rd" "P@ssw0rd"........................passed
And clicks on register button...............................................passed
Then success message is displayed...........................................passed
]]></system-out>
</testcase>
<testcase classname="F02_Login | Users could use login functionality to use their accounts" name="user could login with valid email and password" time="12.593">
<system-out><![CDATA[
Given user go to login page.................................................passed
When user login with valid data "a.aboelfadel1@gmail.com" and "P@ssw0rd"....passed
And user press on login button..............................................passed
Then user login to the system successfully..................................passed
]]></system-out>
</testcase>
<testcase classname="F02_Login | Users could use login functionality to use their accounts" name="user could login with invalid email and password" time="11.627">
<system-out><![CDATA[
Given user go to login page.................................................passed
When user login with invalid data "wrong@example.com" and "P@ssw0rd"........passed
And user press on login button..............................................passed
Then user could not login to the system.....................................passed
]]></system-out>
</testcase>
<testcase classname="F03_Currencies | User could switch currency between Dollar and Euro" name="user could Select Euro currency" time="11.49">
<system-out><![CDATA[
When user select currency type and select Euro..............................passed
Then verify Euro Symbol (€) is shown on the four products displayed in Home page.passed
]]></system-out>
</testcase>
<testcase classname="F04_Search | user could search for product" name="user could search using product name - Example #1.1" time="13.109">
<system-out><![CDATA[
When user click on search field.............................................passed
And user enter product name "book"..........................................passed
Then user find all related products "book"..................................passed
]]></system-out>
</testcase>
<testcase classname="F04_Search | user could search for product" name="user could search using product name - Example #1.2" time="13.483">
<system-out><![CDATA[
When user click on search field.............................................passed
And user enter product name "laptop"........................................passed
Then user find all related products "laptop"................................passed
]]></system-out>
</testcase>
<testcase classname="F04_Search | user could search for product" name="user could search using product name - Example #1.3" time="12.637">
<system-out><![CDATA[
When user click on search field.............................................passed
And user enter product name "nike"..........................................passed
Then user find all related products "nike"..................................passed
]]></system-out>
</testcase>
<testcase classname="F04_Search | user could search for product" name="user could search for product using sku - Example #1.1" time="16.439">
<system-out><![CDATA[
When user click on search field.............................................passed
And user enter product sku"SCI_FAITH" and click on search button............passed
Then user will find all related products by "SCI_FAITH".....................passed
]]></system-out>
</testcase>
<testcase classname="F04_Search | user could search for product" name="user could search for product using sku - Example #1.2" time="17.839">
<system-out><![CDATA[
When user click on search field.............................................passed
And user enter product sku"APPLE_CAM" and click on search button............passed
Then user will find all related products by "APPLE_CAM".....................passed
]]></system-out>
</testcase>
<testcase classname="F04_Search | user could search for product" name="user could search for product using sku - Example #1.3" time="14.244">
<system-out><![CDATA[
When user click on search field.............................................passed
And user enter product sku"SF_PRO_11" and click on search button............passed
Then user will find all related products by "SF_PRO_11".....................passed
]]></system-out>
</testcase>
<testcase classname="F05_hoverCategories |  User hover on one of main categories" name="user could select category and then hover and select sub category" time="15.809">
<system-out><![CDATA[
When user hover random category.............................................passed
And user select sub category................................................passed
Then subCategory page appears...............................................passed
]]></system-out>
</testcase>
<testcase classname="F06_homeSliders | user select slider from home page" name="user select first slider from home page and open it" time="10.367">
<failure type="java.lang.AssertionError" message="expected [https://demo.nopcommerce.com/nokia-lumia-1020] but found [https://demo.nopcommerce.com/]">
<![CDATA[java.lang.AssertionError: expected [https://demo.nopcommerce.com/nokia-lumia-1020] but found [https://demo.nopcommerce.com/]
	at org.testng.Assert.fail(Assert.java:110)
	at org.testng.Assert.failNotEquals(Assert.java:1577)
	at org.testng.Assert.assertEqualsImpl(Assert.java:149)
	at org.testng.Assert.assertEquals(Assert.java:131)
	at org.testng.Assert.assertEquals(Assert.java:655)
	at org.testng.Assert.assertEquals(Assert.java:665)
	at org.example.stepDefs.D06_homeSlidersStepDef.userNavigateToIphonePage(D06_homeSlidersStepDef.java:26)
	at ✽.user navigate to iphone page(file:///F:/Ecomerce_Automation_Test/src/main/resources/features/F06_homeSliders.feature:6)
]]>
</failure>
<system-out><![CDATA[
When user press on first home slider iphone.................................passed
Then user navigate to iphone page...........................................failed
]]></system-out>
</testcase>
<testcase classname="F06_homeSliders | user select slider from home page" name="user select second slider from home page" time="10.275">
<failure type="java.lang.AssertionError" message="expected [https://demo.nopcommerce.com/galaxy-22] but found [https://demo.nopcommerce.com/]">
<![CDATA[java.lang.AssertionError: expected [https://demo.nopcommerce.com/galaxy-22] but found [https://demo.nopcommerce.com/]
	at org.testng.Assert.fail(Assert.java:110)
	at org.testng.Assert.failNotEquals(Assert.java:1577)
	at org.testng.Assert.assertEqualsImpl(Assert.java:149)
	at org.testng.Assert.assertEquals(Assert.java:131)
	at org.testng.Assert.assertEquals(Assert.java:655)
	at org.testng.Assert.assertEquals(Assert.java:665)
	at org.example.stepDefs.D06_homeSlidersStepDef.userRedirectToGalaxyPage(D06_homeSlidersStepDef.java:41)
	at ✽.user redirect to galaxy page(file:///F:/Ecomerce_Automation_Test/src/main/resources/features/F06_homeSliders.feature:10)
]]>
</failure>
<system-out><![CDATA[
When user press on first home slider galaxy.................................passed
Then user redirect to galaxy page...........................................failed
]]></system-out>
</testcase>
<testcase classname="F08_Wishlist | user could add items to wishlist" name="user select an item to add to wishlist" time="10.109">
<system-out><![CDATA[
When user clicks on AddToCard button on this product........................passed
Then this product is added successfully.....................................passed
]]></system-out>
</testcase>
<testcase classname="F08_Wishlist | user could add items to wishlist" name="user select  item to add to wishlist and verify quantity" time="26.144">
<system-out><![CDATA[
When user clicks on wishlist button on this product.........................passed
And clicks on wishlist link.................................................passed
Then verify the product is added successfully and product quantity is more than zero.passed
]]></system-out>
</testcase>
</testsuite>
